Args in experiment:
Namespace(model='informer', data='custom', root_path='/root/repo/Informer2020/data_cleaned', data_path='sentiment_apple_stock.csv', features='MS', target='Apple_Price', freq='b', checkpoints='./checkpoints/', seq_len=96, label_len=48, pred_len=24, enc_in=3, dec_in=3, c_out=1, d_model=512, n_heads=8, e_layers=2, d_layers=1, s_layers=[3, 2, 1], d_ff=2048, factor=5, padding=0, distil=True, dropout=0.05, attn='prob', embed='timeF', activation='gelu', output_attention=False, do_predict=False, mix=True, cols=None, num_workers=0, itr=2, train_epochs=6, batch_size=32, patience=3, learning_rate=0.0001, des='test', loss='mse', lradj='type1', use_amp=False, inverse=False, use_gpu=True, gpu=0, use_multi_gpu=False, devices='0,1,2,3', detail_freq='b')
Use GPU: cuda:0
>>>>>>>start training : informer_custom_ftMS_sl96_ll48_pl24_dm512_nh8_el2_dl1_df2048_atprob_fc5_ebtimeF_dtTrue_mxTrue_test_0>>>>>>>>>>>>>>>>>>>>>>>>>>
train 751
val 102
test 225
Epoch: 1 cost time: 0.9679689407348633
Epoch: 1, Steps: 23 | Train Loss: 0.4832335 Vali Loss: 3.0355940 Test Loss: 5.0750318
Validation loss decreased (inf --> 3.035594).  Saving model ...
Updating learning rate to 0.0001
Epoch: 2 cost time: 0.5008969306945801
Epoch: 2, Steps: 23 | Train Loss: 0.2003307 Vali Loss: 2.1877935 Test Loss: 4.3509922
Validation loss decreased (3.035594 --> 2.187793).  Saving model ...
Updating learning rate to 5e-05
Epoch: 3 cost time: 0.4634222984313965
Epoch: 3, Steps: 23 | Train Loss: 0.1480104 Vali Loss: 2.9345825 Test Loss: 5.5176816
EarlyStopping counter: 1 out of 3
Updating learning rate to 2.5e-05
Epoch: 4 cost time: 0.47189855575561523
Epoch: 4, Steps: 23 | Train Loss: 0.0932656 Vali Loss: 2.8369343 Test Loss: 5.4821634
EarlyStopping counter: 2 out of 3
Updating learning rate to 1.25e-05
Epoch: 5 cost time: 0.498455286026001
Epoch: 5, Steps: 23 | Train Loss: 0.0886910 Vali Loss: 2.5689754 Test Loss: 5.2876191
EarlyStopping counter: 3 out of 3
Early stopping
>>>>>>>testing : informer_custom_ftMS_sl96_ll48_pl24_dm512_nh8_el2_dl1_df2048_atprob_fc5_ebtimeF_dtTrue_mxTrue_test_0<<<<<<<<<<<<<<<<<<<<<<<<<<<<<<<<<
test 225
test shape: (7, 32, 24, 1) (7, 32, 24, 1)
test shape: (224, 24, 1) (224, 24, 1)
mse:4.357497215270996, mae:2.0584535598754883
Use GPU: cuda:0
>>>>>>>start training : informer_custom_ftMS_sl96_ll48_pl24_dm512_nh8_el2_dl1_df2048_atprob_fc5_ebtimeF_dtTrue_mxTrue_test_1>>>>>>>>>>>>>>>>>>>>>>>>>>
train 751
val 102
test 225
Epoch: 1 cost time: 0.5498628616333008
Epoch: 1, Steps: 23 | Train Loss: 0.4252941 Vali Loss: 2.5510533 Test Loss: 4.9242444
Validation loss decreased (inf --> 2.551053).  Saving model ...
Updating learning rate to 0.0001
Epoch: 2 cost time: 0.549220085144043
Epoch: 2, Steps: 23 | Train Loss: 0.2032961 Vali Loss: 1.9566189 Test Loss: 5.4389987
Validation loss decreased (2.551053 --> 1.956619).  Saving model ...
Updating learning rate to 5e-05
Epoch: 3 cost time: 0.5495223999023438
Epoch: 3, Steps: 23 | Train Loss: 0.1114466 Vali Loss: 2.4050243 Test Loss: 6.7448516
EarlyStopping counter: 1 out of 3
Updating learning rate to 2.5e-05
Epoch: 4 cost time: 0.5480175018310547
Epoch: 4, Steps: 23 | Train Loss: 0.0792619 Vali Loss: 3.0707388 Test Loss: 7.9445648
EarlyStopping counter: 2 out of 3
Updating learning rate to 1.25e-05
Epoch: 5 cost time: 0.5532121658325195
Epoch: 5, Steps: 23 | Train Loss: 0.0742257 Vali Loss: 2.6171262 Test Loss: 7.7057276
EarlyStopping counter: 3 out of 3
Early stopping
>>>>>>>testing : informer_custom_ftMS_sl96_ll48_pl24_dm512_nh8_el2_dl1_df2048_atprob_fc5_ebtimeF_dtTrue_mxTrue_test_1<<<<<<<<<<<<<<<<<<<<<<<<<<<<<<<<<
test 225
test shape: (7, 32, 24, 1) (7, 32, 24, 1)
test shape: (224, 24, 1) (224, 24, 1)
mse:5.4546589851379395, mae:2.2903997898101807
