Args in experiment:
Namespace(model='informer', data='custom', root_path='/root/repo/Informer2020/data_cleaned', data_path='apple_stock.csv', features='MS', target='Apple_Price', freq='b', checkpoints='./checkpoints/', seq_len=48, label_len=48, pred_len=7, enc_in=2, dec_in=2, c_out=1, d_model=512, n_heads=8, e_layers=4, d_layers=2, s_layers=[3, 2, 1], d_ff=2048, factor=5, padding=0, distil=True, dropout=0.05, attn='prob', embed='timeF', activation='gelu', output_attention=False, do_predict=False, mix=True, cols=None, num_workers=0, itr=2, train_epochs=20, batch_size=32, patience=3, learning_rate=0.0001, des='test', loss='mse', lradj='type1', use_amp=False, inverse=False, use_gpu=True, gpu=0, use_multi_gpu=False, devices='0,1,2,3', detail_freq='b')
Use GPU: cuda:0
>>>>>>>start training : informer_custom_ftMS_sl48_ll48_pl7_dm512_nh8_el4_dl2_df2048_atprob_fc5_ebtimeF_dtTrue_mxTrue_test_0>>>>>>>>>>>>>>>>>>>>>>>>>>
train 859
val 125
test 255
Epoch: 1 cost time: 1.3982906341552734
Epoch: 1, Steps: 26 | Train Loss: 0.4850209 Vali Loss: 0.1557638 Test Loss: 0.1785852
Validation loss decreased (inf --> 0.155764).  Saving model ...
Updating learning rate to 0.0001
Epoch: 2 cost time: 0.8262851238250732
Epoch: 2, Steps: 26 | Train Loss: 0.0778822 Vali Loss: 0.1386515 Test Loss: 0.1684257
Validation loss decreased (0.155764 --> 0.138652).  Saving model ...
Updating learning rate to 5e-05
Epoch: 3 cost time: 0.8698289394378662
Epoch: 3, Steps: 26 | Train Loss: 0.0533065 Vali Loss: 0.1232766 Test Loss: 0.1978602
Validation loss decreased (0.138652 --> 0.123277).  Saving model ...
Updating learning rate to 2.5e-05
Epoch: 4 cost time: 0.8497016429901123
Epoch: 4, Steps: 26 | Train Loss: 0.0460941 Vali Loss: 0.1743062 Test Loss: 0.1249182
EarlyStopping counter: 1 out of 3
Updating learning rate to 1.25e-05
Epoch: 5 cost time: 0.8684573173522949
Epoch: 5, Steps: 26 | Train Loss: 0.0440044 Vali Loss: 0.1811341 Test Loss: 0.1291178
EarlyStopping counter: 2 out of 3
Updating learning rate to 6.25e-06
Epoch: 6 cost time: 0.8709597587585449
Epoch: 6, Steps: 26 | Train Loss: 0.0402269 Vali Loss: 0.2055846 Test Loss: 0.1298604
EarlyStopping counter: 3 out of 3
Early stopping
>>>>>>>testing : informer_custom_ftMS_sl48_ll48_pl7_dm512_nh8_el4_dl2_df2048_atprob_fc5_ebtimeF_dtTrue_mxTrue_test_0<<<<<<<<<<<<<<<<<<<<<<<<<<<<<<<<<
test 255
test shape: (7, 32, 7, 1) (7, 32, 7, 1)
test shape: (224, 7, 1) (224, 7, 1)
mse:0.19562409818172455, mae:0.3918438255786896
Use GPU: cuda:0
>>>>>>>start training : informer_custom_ftMS_sl48_ll48_pl7_dm512_nh8_el4_dl2_df2048_atprob_fc5_ebtimeF_dtTrue_mxTrue_test_1>>>>>>>>>>>>>>>>>>>>>>>>>>
train 859
val 125
test 255
Epoch: 1 cost time: 0.8365554809570312
Epoch: 1, Steps: 26 | Train Loss: 0.5132093 Vali Loss: 0.1164221 Test Loss: 0.3442571
Validation loss decreased (inf --> 0.116422).  Saving model ...
Updating learning rate to 0.0001
Epoch: 2 cost time: 0.8098986148834229
Epoch: 2, Steps: 26 | Train Loss: 0.0887464 Vali Loss: 0.1166829 Test Loss: 0.2211994
EarlyStopping counter: 1 out of 3
Updating learning rate to 5e-05
Epoch: 3 cost time: 0.837893009185791
Epoch: 3, Steps: 26 | Train Loss: 0.0578625 Vali Loss: 0.1420853 Test Loss: 0.1476878
EarlyStopping counter: 2 out of 3
Updating learning rate to 2.5e-05
Epoch: 4 cost time: 0.8008909225463867
Epoch: 4, Steps: 26 | Train Loss: 0.0468026 Vali Loss: 0.1666827 Test Loss: 0.1526032
EarlyStopping counter: 3 out of 3
Early stopping
>>>>>>>testing : informer_custom_ftMS_sl48_ll48_pl7_dm512_nh8_el4_dl2_df2048_atprob_fc5_ebtimeF_dtTrue_mxTrue_test_1<<<<<<<<<<<<<<<<<<<<<<<<<<<<<<<<<
test 255
test shape: (7, 32, 7, 1) (7, 32, 7, 1)
test shape: (224, 7, 1) (224, 7, 1)
mse:0.3379113972187042, mae:0.5242018699645996
