Args in experiment:
Namespace(model='informer', data='custom', root_path='/root/repo/Informer2020/data_cleaned', data_path='apple_stock_sentiment.csv', features='MS', target='Apple_Price', freq='b', checkpoints='./checkpoints/', seq_len=48, label_len=48, pred_len=7, enc_in=3, dec_in=3, c_out=1, d_model=512, n_heads=8, e_layers=4, d_layers=2, s_layers=[3, 2, 1], d_ff=2048, factor=5, padding=0, distil=True, dropout=0.05, attn='prob', embed='timeF', activation='gelu', output_attention=False, do_predict=False, mix=True, cols=None, num_workers=0, itr=2, train_epochs=20, batch_size=32, patience=3, learning_rate=0.0001, des='test', loss='mse', lradj='type1', use_amp=False, inverse=False, use_gpu=True, gpu=0, use_multi_gpu=False, devices='0,1,2,3', detail_freq='b')
Use GPU: cuda:0
>>>>>>>start training : informer_custom_ftMS_sl48_ll48_pl7_dm512_nh8_el4_dl2_df2048_atprob_fc5_ebtimeF_dtTrue_mxTrue_test_0>>>>>>>>>>>>>>>>>>>>>>>>>>
train 859
val 125
test 255
Epoch: 1 cost time: 1.4932255744934082
Epoch: 1, Steps: 26 | Train Loss: 0.5343854 Vali Loss: 0.1690820 Test Loss: 0.2291914
Validation loss decreased (inf --> 0.169082).  Saving model ...
Updating learning rate to 0.0001
Epoch: 2 cost time: 0.9557476043701172
Epoch: 2, Steps: 26 | Train Loss: 0.0757035 Vali Loss: 0.1302092 Test Loss: 0.1321881
Validation loss decreased (0.169082 --> 0.130209).  Saving model ...
Updating learning rate to 5e-05
Epoch: 3 cost time: 0.9695131778717041
Epoch: 3, Steps: 26 | Train Loss: 0.0444338 Vali Loss: 0.0954185 Test Loss: 0.1731329
Validation loss decreased (0.130209 --> 0.095419).  Saving model ...
Updating learning rate to 2.5e-05
Epoch: 4 cost time: 0.9598236083984375
Epoch: 4, Steps: 26 | Train Loss: 0.0414506 Vali Loss: 0.1352776 Test Loss: 0.0838602
EarlyStopping counter: 1 out of 3
Updating learning rate to 1.25e-05
Epoch: 5 cost time: 0.9466485977172852
Epoch: 5, Steps: 26 | Train Loss: 0.0387539 Vali Loss: 0.0970235 Test Loss: 0.1316471
EarlyStopping counter: 2 out of 3
Updating learning rate to 6.25e-06
Epoch: 6 cost time: 0.9015071392059326
Epoch: 6, Steps: 26 | Train Loss: 0.0360047 Vali Loss: 0.1004572 Test Loss: 0.1299044
EarlyStopping counter: 3 out of 3
Early stopping
>>>>>>>testing : informer_custom_ftMS_sl48_ll48_pl7_dm512_nh8_el4_dl2_df2048_atprob_fc5_ebtimeF_dtTrue_mxTrue_test_0<<<<<<<<<<<<<<<<<<<<<<<<<<<<<<<<<
test 255
test shape: (7, 32, 7, 1) (7, 32, 7, 1)
test shape: (224, 7, 1) (224, 7, 1)
mse:0.1729913204908371, mae:0.3769820034503937
Use GPU: cuda:0
>>>>>>>start training : informer_custom_ftMS_sl48_ll48_pl7_dm512_nh8_el4_dl2_df2048_atprob_fc5_ebtimeF_dtTrue_mxTrue_test_1>>>>>>>>>>>>>>>>>>>>>>>>>>
train 859
val 125
test 255
Epoch: 1 cost time: 0.9752435684204102
Epoch: 1, Steps: 26 | Train Loss: 0.4859619 Vali Loss: 0.3499455 Test Loss: 0.1115143
Validation loss decreased (inf --> 0.349945).  Saving model ...
Updating learning rate to 0.0001
Epoch: 2 cost time: 0.9439654350280762
Epoch: 2, Steps: 26 | Train Loss: 0.0909017 Vali Loss: 0.1436166 Test Loss: 0.1303158
Validation loss decreased (0.349945 --> 0.143617).  Saving model ...
Updating learning rate to 5e-05
Epoch: 3 cost time: 0.9317233562469482
Epoch: 3, Steps: 26 | Train Loss: 0.0472252 Vali Loss: 0.0953443 Test Loss: 0.1537005
Validation loss decreased (0.143617 --> 0.095344).  Saving model ...
Updating learning rate to 2.5e-05
Epoch: 4 cost time: 0.9529287815093994
Epoch: 4, Steps: 26 | Train Loss: 0.0378730 Vali Loss: 0.1000270 Test Loss: 0.1557946
EarlyStopping counter: 1 out of 3
Updating learning rate to 1.25e-05
Epoch: 5 cost time: 0.9192836284637451
Epoch: 5, Steps: 26 | Train Loss: 0.0355437 Vali Loss: 0.0844473 Test Loss: 0.1602948
Validation loss decreased (0.095344 --> 0.084447).  Saving model ...
Updating learning rate to 6.25e-06
Epoch: 6 cost time: 0.9074118137359619
Epoch: 6, Steps: 26 | Train Loss: 0.0359289 Vali Loss: 0.0981832 Test Loss: 0.1422182
EarlyStopping counter: 1 out of 3
Updating learning rate to 3.125e-06
Epoch: 7 cost time: 0.8908038139343262
Epoch: 7, Steps: 26 | Train Loss: 0.0318506 Vali Loss: 0.1258463 Test Loss: 0.1159062
EarlyStopping counter: 2 out of 3
Updating learning rate to 1.5625e-06
Epoch: 8 cost time: 0.8946998119354248
Epoch: 8, Steps: 26 | Train Loss: 0.0298335 Vali Loss: 0.1072042 Test Loss: 0.1339471
EarlyStopping counter: 3 out of 3
Early stopping
>>>>>>>testing : informer_custom_ftMS_sl48_ll48_pl7_dm512_nh8_el4_dl2_df2048_atprob_fc5_ebtimeF_dtTrue_mxTrue_test_1<<<<<<<<<<<<<<<<<<<<<<<<<<<<<<<<<
test 255
test shape: (7, 32, 7, 1) (7, 32, 7, 1)
test shape: (224, 7, 1) (224, 7, 1)
mse:0.1584719568490982, mae:0.35887861251831055
