Args in experiment:
Namespace(model='informer', data='custom', root_path='/root/repo/Informer2020/data_cleaned', data_path='stock_market_price.csv', features='MS', target='Apple_Price', freq='b', checkpoints='./checkpoints/', seq_len=96, label_len=48, pred_len=24, enc_in=29, dec_in=29, c_out=1, d_model=512, n_heads=8, e_layers=2, d_layers=1, s_layers=[3, 2, 1], d_ff=2048, factor=5, padding=0, distil=True, dropout=0.05, attn='prob', embed='timeF', activation='gelu', output_attention=False, do_predict=False, mix=True, cols=None, num_workers=0, itr=2, train_epochs=6, batch_size=32, patience=3, learning_rate=0.0001, des='test', loss='mse', lradj='type1', use_amp=False, inverse=False, use_gpu=True, gpu=0, use_multi_gpu=False, devices='0,1,2,3', detail_freq='b')
Use GPU: cuda:0
>>>>>>>start training : informer_custom_ftMS_sl96_ll48_pl24_dm512_nh8_el2_dl1_df2048_atprob_fc5_ebtimeF_dtTrue_mxTrue_test_0>>>>>>>>>>>>>>>>>>>>>>>>>>
train 751
val 102
test 225
Epoch: 1 cost time: 12.499125719070435
Epoch: 1, Steps: 23 | Train Loss: 0.3625253 Vali Loss: 4.6706929 Test Loss: 12.7416048
Validation loss decreased (inf --> 4.670693).  Saving model ...
Updating learning rate to 0.0001
Epoch: 2 cost time: 9.110256910324097
Epoch: 2, Steps: 23 | Train Loss: 0.1489119 Vali Loss: 4.8847637 Test Loss: 13.4102764
EarlyStopping counter: 1 out of 3
Updating learning rate to 5e-05
Epoch: 3 cost time: 9.701955795288086
Epoch: 3, Steps: 23 | Train Loss: 0.1024500 Vali Loss: 4.5847144 Test Loss: 13.2845516
Validation loss decreased (4.670693 --> 4.584714).  Saving model ...
Updating learning rate to 2.5e-05
Epoch: 4 cost time: 10.001100540161133
Epoch: 4, Steps: 23 | Train Loss: 0.0960784 Vali Loss: 4.7869887 Test Loss: 13.4329176
EarlyStopping counter: 1 out of 3
Updating learning rate to 1.25e-05
Epoch: 5 cost time: 9.803784608840942
Epoch: 5, Steps: 23 | Train Loss: 0.0828406 Vali Loss: 4.8666406 Test Loss: 13.7104654
EarlyStopping counter: 2 out of 3
Updating learning rate to 6.25e-06
Epoch: 6 cost time: 9.785572528839111
Epoch: 6, Steps: 23 | Train Loss: 0.0819907 Vali Loss: 5.1924191 Test Loss: 14.2845898
EarlyStopping counter: 3 out of 3
Early stopping
>>>>>>>testing : informer_custom_ftMS_sl96_ll48_pl24_dm512_nh8_el2_dl1_df2048_atprob_fc5_ebtimeF_dtTrue_mxTrue_test_0<<<<<<<<<<<<<<<<<<<<<<<<<<<<<<<<<
test 225
test shape: (7, 32, 24, 1) (7, 32, 24, 1)
test shape: (224, 24, 1) (224, 24, 1)
mse:13.258315086364746, mae:3.6109611988067627
Use GPU: cuda:0
>>>>>>>start training : informer_custom_ftMS_sl96_ll48_pl24_dm512_nh8_el2_dl1_df2048_atprob_fc5_ebtimeF_dtTrue_mxTrue_test_1>>>>>>>>>>>>>>>>>>>>>>>>>>
train 751
val 102
test 225
Epoch: 1 cost time: 10.491580963134766
Epoch: 1, Steps: 23 | Train Loss: 0.3933112 Vali Loss: 4.3409481 Test Loss: 11.6650906
Validation loss decreased (inf --> 4.340948).  Saving model ...
Updating learning rate to 0.0001
Epoch: 2 cost time: 10.315338611602783
Epoch: 2, Steps: 23 | Train Loss: 0.1233884 Vali Loss: 5.0998445 Test Loss: 13.7905607
EarlyStopping counter: 1 out of 3
Updating learning rate to 5e-05
Epoch: 3 cost time: 10.495812892913818
Epoch: 3, Steps: 23 | Train Loss: 0.0920928 Vali Loss: 5.2728567 Test Loss: 13.9112101
EarlyStopping counter: 2 out of 3
Updating learning rate to 2.5e-05
Epoch: 4 cost time: 10.310091018676758
Epoch: 4, Steps: 23 | Train Loss: 0.0855273 Vali Loss: 5.8668723 Test Loss: 14.9868851
EarlyStopping counter: 3 out of 3
Early stopping
>>>>>>>testing : informer_custom_ftMS_sl96_ll48_pl24_dm512_nh8_el2_dl1_df2048_atprob_fc5_ebtimeF_dtTrue_mxTrue_test_1<<<<<<<<<<<<<<<<<<<<<<<<<<<<<<<<<
test 225
test shape: (7, 32, 24, 1) (7, 32, 24, 1)
test shape: (224, 24, 1) (224, 24, 1)
mse:11.698613166809082, mae:3.3905210494995117
