Args in experiment:
Namespace(model='informer', data='custom', root_path='/root/repo/Informer2020/data_cleaned', data_path='apple_stock.csv', features='MS', target='Apple_Price', freq='b', checkpoints='./checkpoints/', seq_len=96, label_len=48, pred_len=24, enc_in=2, dec_in=2, c_out=1, d_model=512, n_heads=8, e_layers=2, d_layers=1, s_layers=[3, 2, 1], d_ff=2048, factor=5, padding=0, distil=True, dropout=0.05, attn='prob', embed='timeF', activation='gelu', output_attention=False, do_predict=False, mix=True, cols=None, num_workers=0, itr=2, train_epochs=6, batch_size=32, patience=3, learning_rate=0.0001, des='test', loss='mse', lradj='type1', use_amp=False, inverse=False, use_gpu=True, gpu=0, use_multi_gpu=False, devices='0,1,2,3', detail_freq='b')
Use GPU: cuda:0
>>>>>>>start training : informer_custom_ftMS_sl96_ll48_pl24_dm512_nh8_el2_dl1_df2048_atprob_fc5_ebtimeF_dtTrue_mxTrue_test_0>>>>>>>>>>>>>>>>>>>>>>>>>>
train 751
val 102
test 225
Epoch: 1 cost time: 5.008836984634399
Epoch: 1, Steps: 23 | Train Loss: 0.5537886 Vali Loss: 4.9434123 Test Loss: 8.7345734
Validation loss decreased (inf --> 4.943412).  Saving model ...
Updating learning rate to 0.0001
Epoch: 2 cost time: 2.389472246170044
Epoch: 2, Steps: 23 | Train Loss: 0.2195783 Vali Loss: 3.7819092 Test Loss: 6.8363428
Validation loss decreased (4.943412 --> 3.781909).  Saving model ...
Updating learning rate to 5e-05
Epoch: 3 cost time: 2.2877538204193115
Epoch: 3, Steps: 23 | Train Loss: 0.1277902 Vali Loss: 2.8582566 Test Loss: 6.4411120
Validation loss decreased (3.781909 --> 2.858257).  Saving model ...
Updating learning rate to 2.5e-05
Epoch: 4 cost time: 2.575032949447632
Epoch: 4, Steps: 23 | Train Loss: 0.1047305 Vali Loss: 2.5815294 Test Loss: 6.6277132
Validation loss decreased (2.858257 --> 2.581529).  Saving model ...
Updating learning rate to 1.25e-05
Epoch: 5 cost time: 2.097895860671997
Epoch: 5, Steps: 23 | Train Loss: 0.0932729 Vali Loss: 2.6731093 Test Loss: 6.7668433
EarlyStopping counter: 1 out of 3
Updating learning rate to 6.25e-06
Epoch: 6 cost time: 2.3069870471954346
Epoch: 6, Steps: 23 | Train Loss: 0.0902371 Vali Loss: 2.6947362 Test Loss: 6.8065505
EarlyStopping counter: 2 out of 3
Updating learning rate to 3.125e-06
>>>>>>>testing : informer_custom_ftMS_sl96_ll48_pl24_dm512_nh8_el2_dl1_df2048_atprob_fc5_ebtimeF_dtTrue_mxTrue_test_0<<<<<<<<<<<<<<<<<<<<<<<<<<<<<<<<<
test 225
test shape: (7, 32, 24, 1) (7, 32, 24, 1)
test shape: (224, 24, 1) (224, 24, 1)
mse:6.6401686668396, mae:2.5357437133789062
Use GPU: cuda:0
>>>>>>>start training : informer_custom_ftMS_sl96_ll48_pl24_dm512_nh8_el2_dl1_df2048_atprob_fc5_ebtimeF_dtTrue_mxTrue_test_1>>>>>>>>>>>>>>>>>>>>>>>>>>
train 751
val 102
test 225
Epoch: 1 cost time: 2.3810834884643555
Epoch: 1, Steps: 23 | Train Loss: 0.4887460 Vali Loss: 2.9993665 Test Loss: 6.0779004
Validation loss decreased (inf --> 2.999367).  Saving model ...
Updating learning rate to 0.0001
Epoch: 2 cost time: 2.0071702003479004
Epoch: 2, Steps: 23 | Train Loss: 0.2508503 Vali Loss: 2.5639708 Test Loss: 6.0053415
Validation loss decreased (2.999367 --> 2.563971).  Saving model ...
Updating learning rate to 5e-05
Epoch: 3 cost time: 2.310922622680664
Epoch: 3, Steps: 23 | Train Loss: 0.1403271 Vali Loss: 2.6188552 Test Loss: 6.2991877
EarlyStopping counter: 1 out of 3
Updating learning rate to 2.5e-05
Epoch: 4 cost time: 2.5025341510772705
Epoch: 4, Steps: 23 | Train Loss: 0.1142301 Vali Loss: 2.2993820 Test Loss: 6.6724305
Validation loss decreased (2.563971 --> 2.299382).  Saving model ...
Updating learning rate to 1.25e-05
Epoch: 5 cost time: 2.4111483097076416
Epoch: 5, Steps: 23 | Train Loss: 0.1027861 Vali Loss: 2.3752716 Test Loss: 6.8898458
EarlyStopping counter: 1 out of 3
Updating learning rate to 6.25e-06
Epoch: 6 cost time: 2.4008591175079346
Epoch: 6, Steps: 23 | Train Loss: 0.0961995 Vali Loss: 2.2338552 Test Loss: 6.8613210
Validation loss decreased (2.299382 --> 2.233855).  Saving model ...
Updating learning rate to 3.125e-06
>>>>>>>testing : informer_custom_ftMS_sl96_ll48_pl24_dm512_nh8_el2_dl1_df2048_atprob_fc5_ebtimeF_dtTrue_mxTrue_test_1<<<<<<<<<<<<<<<<<<<<<<<<<<<<<<<<<
test 225
test shape: (7, 32, 24, 1) (7, 32, 24, 1)
test shape: (224, 24, 1) (224, 24, 1)
mse:6.858532905578613, mae:2.5707662105560303
