Args in experiment:
Namespace(model='informer', data='custom', root_path='/root/repo/Informer2020/data_cleaned', data_path='apple_stock.csv', features='S', target='Apple_Price', freq='b', checkpoints='./checkpoints/', seq_len=96, label_len=48, pred_len=24, enc_in=1, dec_in=1, c_out=1, d_model=512, n_heads=8, e_layers=4, d_layers=2, s_layers=[3, 2, 1], d_ff=2048, factor=5, padding=0, distil=True, dropout=0.05, attn='prob', embed='timeF', activation='gelu', output_attention=False, do_predict=False, mix=True, cols=None, num_workers=0, itr=2, train_epochs=20, batch_size=32, patience=3, learning_rate=0.0001, des='test', loss='mse', lradj='type1', use_amp=False, inverse=False, use_gpu=True, gpu=0, use_multi_gpu=False, devices='0,1,2,3', detail_freq='b')
Use GPU: cuda:0
>>>>>>>start training : informer_custom_ftS_sl96_ll48_pl24_dm512_nh8_el4_dl2_df2048_atprob_fc5_ebtimeF_dtTrue_mxTrue_test_0>>>>>>>>>>>>>>>>>>>>>>>>>>
train 794
val 108
test 238
Epoch: 1 cost time: 1.3637173175811768
Epoch: 1, Steps: 24 | Train Loss: 0.4818499 Vali Loss: 0.1330404 Test Loss: 0.2833669
Validation loss decreased (inf --> 0.133040).  Saving model ...
Updating learning rate to 0.0001
Epoch: 2 cost time: 0.8567206859588623
Epoch: 2, Steps: 24 | Train Loss: 0.0992676 Vali Loss: 0.1914043 Test Loss: 0.2218218
EarlyStopping counter: 1 out of 3
Updating learning rate to 5e-05
Epoch: 3 cost time: 0.8612568378448486
Epoch: 3, Steps: 24 | Train Loss: 0.0736318 Vali Loss: 0.2628247 Test Loss: 0.1956578
EarlyStopping counter: 2 out of 3
Updating learning rate to 2.5e-05
Epoch: 4 cost time: 0.8269140720367432
Epoch: 4, Steps: 24 | Train Loss: 0.0626390 Vali Loss: 0.2454425 Test Loss: 0.2745123
EarlyStopping counter: 3 out of 3
Early stopping
>>>>>>>testing : informer_custom_ftS_sl96_ll48_pl24_dm512_nh8_el4_dl2_df2048_atprob_fc5_ebtimeF_dtTrue_mxTrue_test_0<<<<<<<<<<<<<<<<<<<<<<<<<<<<<<<<<
test 238
test shape: (7, 32, 24, 1) (7, 32, 24, 1)
test shape: (224, 24, 1) (224, 24, 1)
mse:0.2815421223640442, mae:0.47150444984436035
Use GPU: cuda:0
>>>>>>>start training : informer_custom_ftS_sl96_ll48_pl24_dm512_nh8_el4_dl2_df2048_atprob_fc5_ebtimeF_dtTrue_mxTrue_test_1>>>>>>>>>>>>>>>>>>>>>>>>>>
train 794
val 108
test 238
Epoch: 1 cost time: 0.9112958908081055
Epoch: 1, Steps: 24 | Train Loss: 0.5538431 Vali Loss: 0.0976153 Test Loss: 0.4713470
Validation loss decreased (inf --> 0.097615).  Saving model ...
Updating learning rate to 0.0001
Epoch: 2 cost time: 0.8621675968170166
Epoch: 2, Steps: 24 | Train Loss: 0.1027578 Vali Loss: 0.3102086 Test Loss: 0.1509265
EarlyStopping counter: 1 out of 3
Updating learning rate to 5e-05
Epoch: 3 cost time: 0.8679871559143066
Epoch: 3, Steps: 24 | Train Loss: 0.0772055 Vali Loss: 0.2900735 Test Loss: 0.1879866
EarlyStopping counter: 2 out of 3
Updating learning rate to 2.5e-05
Epoch: 4 cost time: 0.8859803676605225
Epoch: 4, Steps: 24 | Train Loss: 0.0676858 Vali Loss: 0.4338944 Test Loss: 0.1250847
EarlyStopping counter: 3 out of 3
Early stopping
>>>>>>>testing : informer_custom_ftS_sl96_ll48_pl24_dm512_nh8_el4_dl2_df2048_atprob_fc5_ebtimeF_dtTrue_mxTrue_test_1<<<<<<<<<<<<<<<<<<<<<<<<<<<<<<<<<
test 238
test shape: (7, 32, 24, 1) (7, 32, 24, 1)
test shape: (224, 24, 1) (224, 24, 1)
mse:0.46873974800109863, mae:0.6275650262832642
