Args in experiment:
Namespace(model='informer', data='custom', root_path='/root/repo/Informer2020/data_cleaned', data_path='apple_stock.csv', features='S', target='Apple_Price', freq='b', checkpoints='./checkpoints/', seq_len=48, label_len=48, pred_len=7, enc_in=1, dec_in=1, c_out=1, d_model=128, n_heads=4, e_layers=1, d_layers=2, s_layers=[3, 2, 1], d_ff=2048, factor=5, padding=0, distil=True, dropout=0.05, attn='prob', embed='timeF', activation='gelu', output_attention=False, do_predict=False, mix=True, cols=None, num_workers=0, itr=2, train_epochs=20, batch_size=32, patience=3, learning_rate=0.0001, des='test', loss='mse', lradj='type1', use_amp=False, inverse=False, use_gpu=True, gpu=0, use_multi_gpu=False, devices='0,1,2,3', detail_freq='b')
Use GPU: cuda:0
>>>>>>>start training : informer_custom_ftS_sl48_ll48_pl7_dm128_nh4_el1_dl2_df2048_atprob_fc5_ebtimeF_dtTrue_mxTrue_test_0>>>>>>>>>>>>>>>>>>>>>>>>>>
train 859
val 125
test 255
Epoch: 1 cost time: 2.108564615249634
Epoch: 1, Steps: 26 | Train Loss: 0.2272269 Vali Loss: 0.0966597 Test Loss: 0.4658553
Validation loss decreased (inf --> 0.096660).  Saving model ...
Updating learning rate to 0.0001
Epoch: 2 cost time: 1.534581184387207
Epoch: 2, Steps: 26 | Train Loss: 0.0863680 Vali Loss: 0.0913629 Test Loss: 0.1652638
Validation loss decreased (0.096660 --> 0.091363).  Saving model ...
Updating learning rate to 5e-05
Epoch: 3 cost time: 1.6175401210784912
Epoch: 3, Steps: 26 | Train Loss: 0.0595663 Vali Loss: 0.0968950 Test Loss: 0.1458517
EarlyStopping counter: 1 out of 3
Updating learning rate to 2.5e-05
Epoch: 4 cost time: 1.5340898036956787
Epoch: 4, Steps: 26 | Train Loss: 0.0539725 Vali Loss: 0.0934343 Test Loss: 0.1370771
EarlyStopping counter: 2 out of 3
Updating learning rate to 1.25e-05
Epoch: 5 cost time: 1.5478582382202148
Epoch: 5, Steps: 26 | Train Loss: 0.0518183 Vali Loss: 0.0896659 Test Loss: 0.1598687
Validation loss decreased (0.091363 --> 0.089666).  Saving model ...
Updating learning rate to 6.25e-06
Epoch: 6 cost time: 1.5035457611083984
Epoch: 6, Steps: 26 | Train Loss: 0.0493091 Vali Loss: 0.0914188 Test Loss: 0.1367798
EarlyStopping counter: 1 out of 3
Updating learning rate to 3.125e-06
Epoch: 7 cost time: 1.6202025413513184
Epoch: 7, Steps: 26 | Train Loss: 0.0477620 Vali Loss: 0.0914685 Test Loss: 0.1340168
EarlyStopping counter: 2 out of 3
Updating learning rate to 1.5625e-06
Epoch: 8 cost time: 1.5639874935150146
Epoch: 8, Steps: 26 | Train Loss: 0.0478137 Vali Loss: 0.0899998 Test Loss: 0.1351198
EarlyStopping counter: 3 out of 3
Early stopping
>>>>>>>testing : informer_custom_ftS_sl48_ll48_pl7_dm128_nh4_el1_dl2_df2048_atprob_fc5_ebtimeF_dtTrue_mxTrue_test_0<<<<<<<<<<<<<<<<<<<<<<<<<<<<<<<<<
test 255
test shape: (7, 32, 7, 1) (7, 32, 7, 1)
test shape: (224, 7, 1) (224, 7, 1)
mse:0.15264688432216644, mae:0.3445330262184143
Use GPU: cuda:0
>>>>>>>start training : informer_custom_ftS_sl48_ll48_pl7_dm128_nh4_el1_dl2_df2048_atprob_fc5_ebtimeF_dtTrue_mxTrue_test_1>>>>>>>>>>>>>>>>>>>>>>>>>>
train 859
val 125
test 255
Epoch: 1 cost time: 1.6070656776428223
Epoch: 1, Steps: 26 | Train Loss: 0.2360879 Vali Loss: 0.1088471 Test Loss: 0.2632919
Validation loss decreased (inf --> 0.108847).  Saving model ...
Updating learning rate to 0.0001
Epoch: 2 cost time: 1.5417027473449707
Epoch: 2, Steps: 26 | Train Loss: 0.0800418 Vali Loss: 0.1083266 Test Loss: 0.1924115
Validation loss decreased (0.108847 --> 0.108327).  Saving model ...
Updating learning rate to 5e-05
Epoch: 3 cost time: 1.5542306900024414
Epoch: 3, Steps: 26 | Train Loss: 0.0640257 Vali Loss: 0.1144535 Test Loss: 0.1743432
EarlyStopping counter: 1 out of 3
Updating learning rate to 2.5e-05
Epoch: 4 cost time: 1.5058746337890625
Epoch: 4, Steps: 26 | Train Loss: 0.0568353 Vali Loss: 0.1195783 Test Loss: 0.1453434
EarlyStopping counter: 2 out of 3
Updating learning rate to 1.25e-05
Epoch: 5 cost time: 1.597721815109253
Epoch: 5, Steps: 26 | Train Loss: 0.0552552 Vali Loss: 0.1123839 Test Loss: 0.1402190
EarlyStopping counter: 3 out of 3
Early stopping
>>>>>>>testing : informer_custom_ftS_sl48_ll48_pl7_dm128_nh4_el1_dl2_df2048_atprob_fc5_ebtimeF_dtTrue_mxTrue_test_1<<<<<<<<<<<<<<<<<<<<<<<<<<<<<<<<<
test 255
test shape: (7, 32, 7, 1) (7, 32, 7, 1)
test shape: (224, 7, 1) (224, 7, 1)
mse:0.19862297177314758, mae:0.3975006937980652
