Args in experiment:
Namespace(model='informer', data='custom', root_path='/root/repo/Informer2020/data_cleaned', data_path='apple_stock_sentiment.csv', features='S', target='Apple_Price', freq='b', checkpoints='./checkpoints/', seq_len=48, label_len=48, pred_len=1, enc_in=1, dec_in=1, c_out=1, d_model=128, n_heads=4, e_layers=1, d_layers=2, s_layers=[3, 2, 1], d_ff=2048, factor=5, padding=0, distil=True, dropout=0.05, attn='prob', embed='timeF', activation='gelu', output_attention=False, do_predict=False, mix=True, cols=None, num_workers=0, itr=2, train_epochs=20, batch_size=32, patience=3, learning_rate=0.0001, des='test', loss='mse', lradj='type1', use_amp=False, inverse=False, use_gpu=True, gpu=0, use_multi_gpu=False, devices='0,1,2,3', detail_freq='b')
Use GPU: cuda:0
>>>>>>>start training : informer_custom_ftS_sl48_ll48_pl1_dm128_nh4_el1_dl2_df2048_atprob_fc5_ebtimeF_dtTrue_mxTrue_test_0>>>>>>>>>>>>>>>>>>>>>>>>>>
train 865
val 131
test 261
Epoch: 1 cost time: 2.180508852005005
Epoch: 1, Steps: 27 | Train Loss: 0.2000324 Vali Loss: 0.0722627 Test Loss: 0.3441956
Validation loss decreased (inf --> 0.072263).  Saving model ...
Updating learning rate to 0.0001
Epoch: 2 cost time: 1.6198835372924805
Epoch: 2, Steps: 27 | Train Loss: 0.0673369 Vali Loss: 0.0819799 Test Loss: 0.1524048
EarlyStopping counter: 1 out of 3
Updating learning rate to 5e-05
Epoch: 3 cost time: 1.5802371501922607
Epoch: 3, Steps: 27 | Train Loss: 0.0508188 Vali Loss: 0.0913689 Test Loss: 0.1115429
EarlyStopping counter: 2 out of 3
Updating learning rate to 2.5e-05
Epoch: 4 cost time: 1.7014048099517822
Epoch: 4, Steps: 27 | Train Loss: 0.0468616 Vali Loss: 0.0904822 Test Loss: 0.0842110
EarlyStopping counter: 3 out of 3
Early stopping
>>>>>>>testing : informer_custom_ftS_sl48_ll48_pl1_dm128_nh4_el1_dl2_df2048_atprob_fc5_ebtimeF_dtTrue_mxTrue_test_0<<<<<<<<<<<<<<<<<<<<<<<<<<<<<<<<<
test 261
test shape: (8, 32, 1, 1) (8, 32, 1, 1)
test shape: (256, 1, 1) (256, 1, 1)
mse:0.3348769247531891, mae:0.5263128280639648
Use GPU: cuda:0
>>>>>>>start training : informer_custom_ftS_sl48_ll48_pl1_dm128_nh4_el1_dl2_df2048_atprob_fc5_ebtimeF_dtTrue_mxTrue_test_1>>>>>>>>>>>>>>>>>>>>>>>>>>
train 865
val 131
test 261
Epoch: 1 cost time: 1.7404186725616455
Epoch: 1, Steps: 27 | Train Loss: 0.1852723 Vali Loss: 0.0651235 Test Loss: 0.3141614
Validation loss decreased (inf --> 0.065123).  Saving model ...
Updating learning rate to 0.0001
Epoch: 2 cost time: 1.6688249111175537
Epoch: 2, Steps: 27 | Train Loss: 0.0823825 Vali Loss: 0.0875867 Test Loss: 0.1541520
EarlyStopping counter: 1 out of 3
Updating learning rate to 5e-05
Epoch: 3 cost time: 1.6808269023895264
Epoch: 3, Steps: 27 | Train Loss: 0.0561543 Vali Loss: 0.1257685 Test Loss: 0.0822076
EarlyStopping counter: 2 out of 3
Updating learning rate to 2.5e-05
Epoch: 4 cost time: 1.670731782913208
Epoch: 4, Steps: 27 | Train Loss: 0.0508061 Vali Loss: 0.1053881 Test Loss: 0.0884508
EarlyStopping counter: 3 out of 3
Early stopping
>>>>>>>testing : informer_custom_ftS_sl48_ll48_pl1_dm128_nh4_el1_dl2_df2048_atprob_fc5_ebtimeF_dtTrue_mxTrue_test_1<<<<<<<<<<<<<<<<<<<<<<<<<<<<<<<<<
test 261
test shape: (8, 32, 1, 1) (8, 32, 1, 1)
test shape: (256, 1, 1) (256, 1, 1)
mse:0.3251415193080902, mae:0.5185323357582092
