Args in experiment:
Namespace(model='informer', data='ETTh1', root_path='/root/repo/Informer2020/data_cleaned', data_path='ETTh1.csv', features='S', target='OT', freq='h', checkpoints='./checkpoints/', seq_len=96, label_len=48, pred_len=48, enc_in=1, dec_in=1, c_out=1, d_model=512, n_heads=8, e_layers=2, d_layers=1, s_layers=[3, 2, 1], d_ff=2048, factor=5, padding=0, distil=True, dropout=0.05, attn='prob', embed='timeF', activation='gelu', output_attention=False, do_predict=False, mix=True, cols=None, num_workers=0, itr=2, train_epochs=6, batch_size=64, patience=3, learning_rate=0.0001, des='test', loss='mse', lradj='type1', use_amp=False, inverse=False, use_gpu=True, gpu=0, use_multi_gpu=False, devices='0,1,2,3', detail_freq='h')
Use GPU: cuda:0
>>>>>>>start training : informer_ETTh1_ftS_sl96_ll48_pl48_dm512_nh8_el2_dl1_df2048_atprob_fc5_ebtimeF_dtTrue_mxTrue_test_0>>>>>>>>>>>>>>>>>>>>>>>>>>
train 8497
val 2833
test 2833
	iters: 100, epoch: 1 | loss: 0.1499536
	speed: 0.0822s/iter; left time: 56.9938s
Epoch: 1 cost time: 9.414857625961304
Epoch: 1, Steps: 132 | Train Loss: 0.2183835 Vali Loss: 0.1075275 Test Loss: 0.3346786
Validation loss decreased (inf --> 0.107528).  Saving model ...
Updating learning rate to 0.0001
	iters: 100, epoch: 2 | loss: 0.1134634
	speed: 0.1149s/iter; left time: 64.4451s
Epoch: 2 cost time: 8.751159191131592
Epoch: 2, Steps: 132 | Train Loss: 0.1303836 Vali Loss: 0.1105089 Test Loss: 0.2978768
EarlyStopping counter: 1 out of 3
Updating learning rate to 5e-05
	iters: 100, epoch: 3 | loss: 0.1037802
	speed: 0.1135s/iter; left time: 48.6968s
Epoch: 3 cost time: 8.799981117248535
Epoch: 3, Steps: 132 | Train Loss: 0.1070156 Vali Loss: 0.1121986 Test Loss: 0.2312565
EarlyStopping counter: 2 out of 3
Updating learning rate to 2.5e-05
	iters: 100, epoch: 4 | loss: 0.1043901
	speed: 0.1141s/iter; left time: 33.8915s
Epoch: 4 cost time: 8.847920417785645
Epoch: 4, Steps: 132 | Train Loss: 0.0956212 Vali Loss: 0.1250734 Test Loss: 0.2210862
EarlyStopping counter: 3 out of 3
Early stopping
>>>>>>>testing : informer_ETTh1_ftS_sl96_ll48_pl48_dm512_nh8_el2_dl1_df2048_atprob_fc5_ebtimeF_dtTrue_mxTrue_test_0<<<<<<<<<<<<<<<<<<<<<<<<<<<<<<<<<
test 2833
test shape: (44, 64, 48, 1) (44, 64, 48, 1)
test shape: (2816, 48, 1) (2816, 48, 1)
mse:0.3338863253593445, mae:0.5180279016494751
Use GPU: cuda:0
>>>>>>>start training : informer_ETTh1_ftS_sl96_ll48_pl48_dm512_nh8_el2_dl1_df2048_atprob_fc5_ebtimeF_dtTrue_mxTrue_test_1>>>>>>>>>>>>>>>>>>>>>>>>>>
train 8497
val 2833
test 2833
	iters: 100, epoch: 1 | loss: 0.2222566
	speed: 0.0658s/iter; left time: 45.5782s
Epoch: 1 cost time: 8.703206539154053
Epoch: 1, Steps: 132 | Train Loss: 0.2182169 Vali Loss: 0.0948476 Test Loss: 0.1691717
Validation loss decreased (inf --> 0.094848).  Saving model ...
Updating learning rate to 0.0001
	iters: 100, epoch: 2 | loss: 0.1253756
	speed: 0.1130s/iter; left time: 63.3724s
Epoch: 2 cost time: 8.73439884185791
Epoch: 2, Steps: 132 | Train Loss: 0.1321888 Vali Loss: 0.1020750 Test Loss: 0.1943529
EarlyStopping counter: 1 out of 3
Updating learning rate to 5e-05
	iters: 100, epoch: 3 | loss: 0.1029181
	speed: 0.1140s/iter; left time: 48.9221s
Epoch: 3 cost time: 8.75631332397461
Epoch: 3, Steps: 132 | Train Loss: 0.1098745 Vali Loss: 0.1299100 Test Loss: 0.1514186
EarlyStopping counter: 2 out of 3
Updating learning rate to 2.5e-05
	iters: 100, epoch: 4 | loss: 0.1015144
	speed: 0.1133s/iter; left time: 33.6615s
Epoch: 4 cost time: 8.755673170089722
Epoch: 4, Steps: 132 | Train Loss: 0.0990009 Vali Loss: 0.1236060 Test Loss: 0.1673902
EarlyStopping counter: 3 out of 3
Early stopping
>>>>>>>testing : informer_ETTh1_ftS_sl96_ll48_pl48_dm512_nh8_el2_dl1_df2048_atprob_fc5_ebtimeF_dtTrue_mxTrue_test_1<<<<<<<<<<<<<<<<<<<<<<<<<<<<<<<<<
test 2833
test shape: (44, 64, 48, 1) (44, 64, 48, 1)
test shape: (2816, 48, 1) (2816, 48, 1)
mse:0.16929374635219574, mae:0.3394505977630615
